mode: set
github.com/RintaroNasu/muscle_diary_app/internal/db/db.go:12.30,14.16 2 0
github.com/RintaroNasu/muscle_diary_app/internal/db/db.go:14.16,16.3 1 0
github.com/RintaroNasu/muscle_diary_app/internal/db/db.go:18.2,22.58 2 0
github.com/RintaroNasu/muscle_diary_app/internal/db/db.go:25.33,27.16 2 0
github.com/RintaroNasu/muscle_diary_app/internal/db/db.go:27.16,29.3 1 0
github.com/RintaroNasu/muscle_diary_app/internal/db/db.go:30.2,30.22 1 0
github.com/RintaroNasu/muscle_diary_app/internal/httpx/apperror.go:12.35,12.55 1 0
github.com/RintaroNasu/muscle_diary_app/internal/httpx/apperror.go:14.56,16.2 1 0
github.com/RintaroNasu/muscle_diary_app/internal/httpx/apperror.go:18.52,20.2 1 0
github.com/RintaroNasu/muscle_diary_app/internal/httpx/apperror.go:22.49,24.2 1 0
github.com/RintaroNasu/muscle_diary_app/internal/httpx/apperror.go:26.54,28.2 1 0
github.com/RintaroNasu/muscle_diary_app/internal/httpx/apperror.go:30.54,32.2 1 0
github.com/RintaroNasu/muscle_diary_app/internal/httpx/apperror.go:34.48,36.2 1 0
github.com/RintaroNasu/muscle_diary_app/internal/httpx/error_handler.go:9.61,10.41 1 0
github.com/RintaroNasu/muscle_diary_app/internal/httpx/error_handler.go:10.41,13.36 2 0
github.com/RintaroNasu/muscle_diary_app/internal/httpx/error_handler.go:13.36,14.24 1 0
github.com/RintaroNasu/muscle_diary_app/internal/httpx/error_handler.go:14.24,19.5 1 0
github.com/RintaroNasu/muscle_diary_app/internal/httpx/error_handler.go:19.10,24.5 1 0
github.com/RintaroNasu/muscle_diary_app/internal/httpx/error_handler.go:25.4,28.10 2 0
github.com/RintaroNasu/muscle_diary_app/internal/httpx/error_handler.go:31.3,36.5 2 0
github.com/RintaroNasu/muscle_diary_app/internal/middleware/jwt.go:12.42,13.54 1 0
github.com/RintaroNasu/muscle_diary_app/internal/middleware/jwt.go:13.54,14.37 1 0
github.com/RintaroNasu/muscle_diary_app/internal/middleware/jwt.go:14.37,17.24 2 0
github.com/RintaroNasu/muscle_diary_app/internal/middleware/jwt.go:17.24,21.5 1 0
github.com/RintaroNasu/muscle_diary_app/internal/middleware/jwt.go:24.4,24.49 1 0
github.com/RintaroNasu/muscle_diary_app/internal/middleware/jwt.go:24.49,28.5 1 0
github.com/RintaroNasu/muscle_diary_app/internal/middleware/jwt.go:31.4,32.25 2 0
github.com/RintaroNasu/muscle_diary_app/internal/middleware/jwt.go:32.25,36.5 1 0
github.com/RintaroNasu/muscle_diary_app/internal/middleware/jwt.go:39.4,39.85 1 0
github.com/RintaroNasu/muscle_diary_app/internal/middleware/jwt.go:39.85,41.60 1 0
github.com/RintaroNasu/muscle_diary_app/internal/middleware/jwt.go:41.60,43.6 1 0
github.com/RintaroNasu/muscle_diary_app/internal/middleware/jwt.go:45.5,46.21 2 0
github.com/RintaroNasu/muscle_diary_app/internal/middleware/jwt.go:46.21,48.6 1 0
github.com/RintaroNasu/muscle_diary_app/internal/middleware/jwt.go:49.5,49.31 1 0
github.com/RintaroNasu/muscle_diary_app/internal/middleware/jwt.go:52.4,52.18 1 0
github.com/RintaroNasu/muscle_diary_app/internal/middleware/jwt.go:52.18,56.5 1 0
github.com/RintaroNasu/muscle_diary_app/internal/middleware/jwt.go:59.4,59.20 1 0
github.com/RintaroNasu/muscle_diary_app/internal/middleware/jwt.go:59.20,63.5 1 0
github.com/RintaroNasu/muscle_diary_app/internal/middleware/jwt.go:66.4,67.11 2 0
github.com/RintaroNasu/muscle_diary_app/internal/middleware/jwt.go:67.11,71.5 1 0
github.com/RintaroNasu/muscle_diary_app/internal/middleware/jwt.go:73.4,74.11 2 0
github.com/RintaroNasu/muscle_diary_app/internal/middleware/jwt.go:74.11,78.5 1 0
github.com/RintaroNasu/muscle_diary_app/internal/middleware/jwt.go:81.4,84.18 2 0
github.com/RintaroNasu/muscle_diary_app/internal/middleware/jwt.go:89.37,91.2 1 0
github.com/RintaroNasu/muscle_diary_app/internal/logging/logger.go:8.25,14.2 1 0
github.com/RintaroNasu/muscle_diary_app/internal/handler/auth_handler.go:29.58,31.2 1 1
github.com/RintaroNasu/muscle_diary_app/internal/handler/auth_handler.go:33.52,37.37 3 1
github.com/RintaroNasu/muscle_diary_app/internal/handler/auth_handler.go:37.37,39.3 1 1
github.com/RintaroNasu/muscle_diary_app/internal/handler/auth_handler.go:41.2,41.43 1 1
github.com/RintaroNasu/muscle_diary_app/internal/handler/auth_handler.go:41.43,43.3 1 0
github.com/RintaroNasu/muscle_diary_app/internal/handler/auth_handler.go:45.2,45.39 1 1
github.com/RintaroNasu/muscle_diary_app/internal/handler/auth_handler.go:45.39,47.3 1 0
github.com/RintaroNasu/muscle_diary_app/internal/handler/auth_handler.go:49.2,49.27 1 1
github.com/RintaroNasu/muscle_diary_app/internal/handler/auth_handler.go:49.27,51.3 1 1
github.com/RintaroNasu/muscle_diary_app/internal/handler/auth_handler.go:53.2,54.16 2 1
github.com/RintaroNasu/muscle_diary_app/internal/handler/auth_handler.go:54.16,55.51 1 1
github.com/RintaroNasu/muscle_diary_app/internal/handler/auth_handler.go:55.51,57.4 1 1
github.com/RintaroNasu/muscle_diary_app/internal/handler/auth_handler.go:58.3,58.75 1 0
github.com/RintaroNasu/muscle_diary_app/internal/handler/auth_handler.go:61.2,67.4 2 1
github.com/RintaroNasu/muscle_diary_app/internal/handler/auth_handler.go:70.51,74.37 3 1
github.com/RintaroNasu/muscle_diary_app/internal/handler/auth_handler.go:74.37,76.3 1 0
github.com/RintaroNasu/muscle_diary_app/internal/handler/auth_handler.go:78.2,78.43 1 1
github.com/RintaroNasu/muscle_diary_app/internal/handler/auth_handler.go:78.43,80.3 1 0
github.com/RintaroNasu/muscle_diary_app/internal/handler/auth_handler.go:82.2,82.39 1 1
github.com/RintaroNasu/muscle_diary_app/internal/handler/auth_handler.go:82.39,84.3 1 1
github.com/RintaroNasu/muscle_diary_app/internal/handler/auth_handler.go:86.2,86.27 1 1
github.com/RintaroNasu/muscle_diary_app/internal/handler/auth_handler.go:86.27,88.3 1 0
github.com/RintaroNasu/muscle_diary_app/internal/handler/auth_handler.go:90.2,91.16 2 1
github.com/RintaroNasu/muscle_diary_app/internal/handler/auth_handler.go:91.16,92.10 1 1
github.com/RintaroNasu/muscle_diary_app/internal/handler/auth_handler.go:94.50,95.65 1 1
github.com/RintaroNasu/muscle_diary_app/internal/handler/auth_handler.go:96.11,97.76 1 1
github.com/RintaroNasu/muscle_diary_app/internal/handler/auth_handler.go:101.2,107.4 2 1
github.com/RintaroNasu/muscle_diary_app/internal/handler/exercise_handler.go:20.70,22.2 1 1
github.com/RintaroNasu/muscle_diary_app/internal/handler/exercise_handler.go:24.54,28.16 3 1
github.com/RintaroNasu/muscle_diary_app/internal/handler/exercise_handler.go:28.16,30.3 1 1
github.com/RintaroNasu/muscle_diary_app/internal/handler/exercise_handler.go:32.2,34.37 2 1
github.com/RintaroNasu/muscle_diary_app/internal/handler/profile_handler.go:23.67,25.2 1 1
github.com/RintaroNasu/muscle_diary_app/internal/handler/profile_handler.go:38.59,41.16 3 1
github.com/RintaroNasu/muscle_diary_app/internal/handler/profile_handler.go:41.16,42.46 1 1
github.com/RintaroNasu/muscle_diary_app/internal/handler/profile_handler.go:42.46,44.4 1 1
github.com/RintaroNasu/muscle_diary_app/internal/handler/profile_handler.go:45.3,45.75 1 1
github.com/RintaroNasu/muscle_diary_app/internal/handler/profile_handler.go:48.2,53.35 2 1
github.com/RintaroNasu/muscle_diary_app/internal/handler/profile_handler.go:56.62,61.37 4 1
github.com/RintaroNasu/muscle_diary_app/internal/handler/profile_handler.go:61.37,63.3 1 1
github.com/RintaroNasu/muscle_diary_app/internal/handler/profile_handler.go:65.2,66.16 2 1
github.com/RintaroNasu/muscle_diary_app/internal/handler/profile_handler.go:66.16,67.46 1 1
github.com/RintaroNasu/muscle_diary_app/internal/handler/profile_handler.go:67.46,69.4 1 1
github.com/RintaroNasu/muscle_diary_app/internal/handler/profile_handler.go:70.3,70.75 1 1
github.com/RintaroNasu/muscle_diary_app/internal/handler/profile_handler.go:73.2,84.35 3 1
github.com/RintaroNasu/muscle_diary_app/internal/handler/summary_handler.go:21.67,23.2 1 1
github.com/RintaroNasu/muscle_diary_app/internal/handler/summary_handler.go:25.63,30.16 4 1
github.com/RintaroNasu/muscle_diary_app/internal/handler/summary_handler.go:30.16,32.3 1 1
github.com/RintaroNasu/muscle_diary_app/internal/handler/summary_handler.go:34.2,43.39 2 1
github.com/RintaroNasu/muscle_diary_app/internal/handler/workout_handler.go:65.67,67.2 1 0
github.com/RintaroNasu/muscle_diary_app/internal/handler/workout_handler.go:69.68,73.37 3 0
github.com/RintaroNasu/muscle_diary_app/internal/handler/workout_handler.go:73.37,75.3 1 0
github.com/RintaroNasu/muscle_diary_app/internal/handler/workout_handler.go:76.2,79.16 3 0
github.com/RintaroNasu/muscle_diary_app/internal/handler/workout_handler.go:79.16,81.3 1 0
github.com/RintaroNasu/muscle_diary_app/internal/handler/workout_handler.go:83.2,84.34 2 0
github.com/RintaroNasu/muscle_diary_app/internal/handler/workout_handler.go:84.34,90.3 1 0
github.com/RintaroNasu/muscle_diary_app/internal/handler/workout_handler.go:92.2,93.16 2 0
github.com/RintaroNasu/muscle_diary_app/internal/handler/workout_handler.go:93.16,94.10 1 0
github.com/RintaroNasu/muscle_diary_app/internal/handler/workout_handler.go:96.47,97.85 1 0
github.com/RintaroNasu/muscle_diary_app/internal/handler/workout_handler.go:98.52,99.93 1 0
github.com/RintaroNasu/muscle_diary_app/internal/handler/workout_handler.go:100.11,101.76 1 0
github.com/RintaroNasu/muscle_diary_app/internal/handler/workout_handler.go:105.2,113.4 2 0
github.com/RintaroNasu/muscle_diary_app/internal/handler/workout_handler.go:116.72,121.19 4 0
github.com/RintaroNasu/muscle_diary_app/internal/handler/workout_handler.go:121.19,123.3 1 0
github.com/RintaroNasu/muscle_diary_app/internal/handler/workout_handler.go:125.2,127.16 3 0
github.com/RintaroNasu/muscle_diary_app/internal/handler/workout_handler.go:127.16,129.3 1 0
github.com/RintaroNasu/muscle_diary_app/internal/handler/workout_handler.go:131.2,132.16 2 0
github.com/RintaroNasu/muscle_diary_app/internal/handler/workout_handler.go:132.16,134.3 1 0
github.com/RintaroNasu/muscle_diary_app/internal/handler/workout_handler.go:136.2,142.28 3 0
github.com/RintaroNasu/muscle_diary_app/internal/handler/workout_handler.go:142.28,144.17 2 0
github.com/RintaroNasu/muscle_diary_app/internal/handler/workout_handler.go:144.17,146.4 1 0
github.com/RintaroNasu/muscle_diary_app/internal/handler/workout_handler.go:147.3,148.28 2 0
github.com/RintaroNasu/muscle_diary_app/internal/handler/workout_handler.go:148.28,154.4 1 0
github.com/RintaroNasu/muscle_diary_app/internal/handler/workout_handler.go:155.3,161.5 1 0
github.com/RintaroNasu/muscle_diary_app/internal/handler/workout_handler.go:164.2,164.35 1 0
github.com/RintaroNasu/muscle_diary_app/internal/handler/workout_handler.go:167.67,173.37 5 0
github.com/RintaroNasu/muscle_diary_app/internal/handler/workout_handler.go:173.37,175.3 1 0
github.com/RintaroNasu/muscle_diary_app/internal/handler/workout_handler.go:177.2,178.16 2 0
github.com/RintaroNasu/muscle_diary_app/internal/handler/workout_handler.go:178.16,180.3 1 0
github.com/RintaroNasu/muscle_diary_app/internal/handler/workout_handler.go:182.2,183.43 2 0
github.com/RintaroNasu/muscle_diary_app/internal/handler/workout_handler.go:183.43,185.3 1 0
github.com/RintaroNasu/muscle_diary_app/internal/handler/workout_handler.go:187.2,188.16 2 0
github.com/RintaroNasu/muscle_diary_app/internal/handler/workout_handler.go:188.16,190.3 1 0
github.com/RintaroNasu/muscle_diary_app/internal/handler/workout_handler.go:192.2,199.25 3 0
github.com/RintaroNasu/muscle_diary_app/internal/handler/workout_handler.go:199.25,201.3 1 0
github.com/RintaroNasu/muscle_diary_app/internal/handler/workout_handler.go:202.2,202.35 1 0
github.com/RintaroNasu/muscle_diary_app/internal/handler/workout_handler.go:205.68,211.16 5 0
github.com/RintaroNasu/muscle_diary_app/internal/handler/workout_handler.go:211.16,213.3 1 0
github.com/RintaroNasu/muscle_diary_app/internal/handler/workout_handler.go:215.2,216.37 2 0
github.com/RintaroNasu/muscle_diary_app/internal/handler/workout_handler.go:216.37,218.3 1 0
github.com/RintaroNasu/muscle_diary_app/internal/handler/workout_handler.go:220.2,221.16 2 0
github.com/RintaroNasu/muscle_diary_app/internal/handler/workout_handler.go:221.16,223.3 1 0
github.com/RintaroNasu/muscle_diary_app/internal/handler/workout_handler.go:225.2,226.34 2 0
github.com/RintaroNasu/muscle_diary_app/internal/handler/workout_handler.go:226.34,232.3 1 0
github.com/RintaroNasu/muscle_diary_app/internal/handler/workout_handler.go:234.2,235.16 2 0
github.com/RintaroNasu/muscle_diary_app/internal/handler/workout_handler.go:235.16,236.10 1 0
github.com/RintaroNasu/muscle_diary_app/internal/handler/workout_handler.go:238.47,239.85 1 0
github.com/RintaroNasu/muscle_diary_app/internal/handler/workout_handler.go:240.52,241.93 1 0
github.com/RintaroNasu/muscle_diary_app/internal/handler/workout_handler.go:242.50,243.91 1 0
github.com/RintaroNasu/muscle_diary_app/internal/handler/workout_handler.go:244.11,245.76 1 0
github.com/RintaroNasu/muscle_diary_app/internal/handler/workout_handler.go:249.2,257.4 2 0
github.com/RintaroNasu/muscle_diary_app/internal/handler/workout_handler.go:260.68,266.16 5 0
github.com/RintaroNasu/muscle_diary_app/internal/handler/workout_handler.go:266.16,268.3 1 0
github.com/RintaroNasu/muscle_diary_app/internal/handler/workout_handler.go:270.2,271.16 2 0
github.com/RintaroNasu/muscle_diary_app/internal/handler/workout_handler.go:271.16,272.10 1 0
github.com/RintaroNasu/muscle_diary_app/internal/handler/workout_handler.go:273.50,274.91 1 0
github.com/RintaroNasu/muscle_diary_app/internal/handler/workout_handler.go:275.11,276.76 1 0
github.com/RintaroNasu/muscle_diary_app/internal/handler/workout_handler.go:280.2,286.4 2 0
github.com/RintaroNasu/muscle_diary_app/internal/handler/workout_handler.go:289.76,293.25 4 0
github.com/RintaroNasu/muscle_diary_app/internal/handler/workout_handler.go:293.25,295.3 1 0
github.com/RintaroNasu/muscle_diary_app/internal/handler/workout_handler.go:297.2,298.16 2 0
github.com/RintaroNasu/muscle_diary_app/internal/handler/workout_handler.go:298.16,300.3 1 0
github.com/RintaroNasu/muscle_diary_app/internal/handler/workout_handler.go:302.2,303.16 2 0
github.com/RintaroNasu/muscle_diary_app/internal/handler/workout_handler.go:303.16,305.3 1 0
github.com/RintaroNasu/muscle_diary_app/internal/handler/workout_handler.go:307.2,309.25 3 0
github.com/RintaroNasu/muscle_diary_app/internal/handler/workout_handler.go:309.25,318.3 1 0
github.com/RintaroNasu/muscle_diary_app/internal/handler/workout_handler.go:320.2,325.35 2 0
github.com/RintaroNasu/muscle_diary_app/internal/httpx/apperror.go:12.35,12.55 1 0
github.com/RintaroNasu/muscle_diary_app/internal/httpx/apperror.go:14.56,16.2 1 1
github.com/RintaroNasu/muscle_diary_app/internal/httpx/apperror.go:18.52,20.2 1 1
github.com/RintaroNasu/muscle_diary_app/internal/httpx/apperror.go:22.49,24.2 1 0
github.com/RintaroNasu/muscle_diary_app/internal/httpx/apperror.go:26.54,28.2 1 1
github.com/RintaroNasu/muscle_diary_app/internal/httpx/apperror.go:30.54,32.2 1 1
github.com/RintaroNasu/muscle_diary_app/internal/httpx/apperror.go:34.48,36.2 1 1
github.com/RintaroNasu/muscle_diary_app/internal/httpx/error_handler.go:9.61,10.41 1 1
github.com/RintaroNasu/muscle_diary_app/internal/httpx/error_handler.go:10.41,13.36 2 1
github.com/RintaroNasu/muscle_diary_app/internal/httpx/error_handler.go:13.36,14.24 1 1
github.com/RintaroNasu/muscle_diary_app/internal/httpx/error_handler.go:14.24,19.5 1 1
github.com/RintaroNasu/muscle_diary_app/internal/httpx/error_handler.go:19.10,24.5 1 1
github.com/RintaroNasu/muscle_diary_app/internal/httpx/error_handler.go:25.4,28.10 2 1
github.com/RintaroNasu/muscle_diary_app/internal/httpx/error_handler.go:31.3,36.5 2 0
github.com/RintaroNasu/muscle_diary_app/internal/middleware/jwt.go:12.42,13.54 1 0
github.com/RintaroNasu/muscle_diary_app/internal/middleware/jwt.go:13.54,14.37 1 0
github.com/RintaroNasu/muscle_diary_app/internal/middleware/jwt.go:14.37,17.24 2 0
github.com/RintaroNasu/muscle_diary_app/internal/middleware/jwt.go:17.24,21.5 1 0
github.com/RintaroNasu/muscle_diary_app/internal/middleware/jwt.go:24.4,24.49 1 0
github.com/RintaroNasu/muscle_diary_app/internal/middleware/jwt.go:24.49,28.5 1 0
github.com/RintaroNasu/muscle_diary_app/internal/middleware/jwt.go:31.4,32.25 2 0
github.com/RintaroNasu/muscle_diary_app/internal/middleware/jwt.go:32.25,36.5 1 0
github.com/RintaroNasu/muscle_diary_app/internal/middleware/jwt.go:39.4,39.85 1 0
github.com/RintaroNasu/muscle_diary_app/internal/middleware/jwt.go:39.85,41.60 1 0
github.com/RintaroNasu/muscle_diary_app/internal/middleware/jwt.go:41.60,43.6 1 0
github.com/RintaroNasu/muscle_diary_app/internal/middleware/jwt.go:45.5,46.21 2 0
github.com/RintaroNasu/muscle_diary_app/internal/middleware/jwt.go:46.21,48.6 1 0
github.com/RintaroNasu/muscle_diary_app/internal/middleware/jwt.go:49.5,49.31 1 0
github.com/RintaroNasu/muscle_diary_app/internal/middleware/jwt.go:52.4,52.18 1 0
github.com/RintaroNasu/muscle_diary_app/internal/middleware/jwt.go:52.18,56.5 1 0
github.com/RintaroNasu/muscle_diary_app/internal/middleware/jwt.go:59.4,59.20 1 0
github.com/RintaroNasu/muscle_diary_app/internal/middleware/jwt.go:59.20,63.5 1 0
github.com/RintaroNasu/muscle_diary_app/internal/middleware/jwt.go:66.4,67.11 2 0
github.com/RintaroNasu/muscle_diary_app/internal/middleware/jwt.go:67.11,71.5 1 0
github.com/RintaroNasu/muscle_diary_app/internal/middleware/jwt.go:73.4,74.11 2 0
github.com/RintaroNasu/muscle_diary_app/internal/middleware/jwt.go:74.11,78.5 1 0
github.com/RintaroNasu/muscle_diary_app/internal/middleware/jwt.go:81.4,84.18 2 0
github.com/RintaroNasu/muscle_diary_app/internal/middleware/jwt.go:89.37,91.2 1 1
github.com/RintaroNasu/muscle_diary_app/internal/repository/auth_repository.go:20.52,22.2 1 1
github.com/RintaroNasu/muscle_diary_app/internal/repository/auth_repository.go:24.55,25.45 1 1
github.com/RintaroNasu/muscle_diary_app/internal/repository/auth_repository.go:25.45,27.62 1 1
github.com/RintaroNasu/muscle_diary_app/internal/repository/auth_repository.go:27.62,29.4 1 1
github.com/RintaroNasu/muscle_diary_app/internal/repository/auth_repository.go:30.3,30.13 1 0
github.com/RintaroNasu/muscle_diary_app/internal/repository/auth_repository.go:32.2,32.12 1 1
github.com/RintaroNasu/muscle_diary_app/internal/repository/auth_repository.go:35.74,37.71 2 1
github.com/RintaroNasu/muscle_diary_app/internal/repository/auth_repository.go:37.71,38.45 1 1
github.com/RintaroNasu/muscle_diary_app/internal/repository/auth_repository.go:38.45,40.4 1 1
github.com/RintaroNasu/muscle_diary_app/internal/repository/auth_repository.go:41.3,41.18 1 0
github.com/RintaroNasu/muscle_diary_app/internal/repository/auth_repository.go:43.2,43.16 1 1
github.com/RintaroNasu/muscle_diary_app/internal/repository/errors.go:13.42,15.2 1 0
github.com/RintaroNasu/muscle_diary_app/internal/repository/exercise_repository.go:18.60,20.2 1 1
github.com/RintaroNasu/muscle_diary_app/internal/repository/exercise_repository.go:22.83,27.31 2 1
github.com/RintaroNasu/muscle_diary_app/internal/repository/exercise_repository.go:27.31,29.3 1 1
github.com/RintaroNasu/muscle_diary_app/internal/repository/exercise_repository.go:30.2,30.16 1 1
github.com/RintaroNasu/muscle_diary_app/internal/repository/profile_repository.go:17.58,19.2 1 1
github.com/RintaroNasu/muscle_diary_app/internal/repository/profile_repository.go:21.75,23.56 2 1
github.com/RintaroNasu/muscle_diary_app/internal/repository/profile_repository.go:23.56,25.3 1 1
github.com/RintaroNasu/muscle_diary_app/internal/repository/profile_repository.go:26.2,26.19 1 1
github.com/RintaroNasu/muscle_diary_app/internal/repository/profile_repository.go:29.100,35.2 2 1
github.com/RintaroNasu/muscle_diary_app/internal/repository/summary_repository.go:20.58,22.2 1 1
github.com/RintaroNasu/muscle_diary_app/internal/repository/summary_repository.go:24.75,32.2 3 1
github.com/RintaroNasu/muscle_diary_app/internal/repository/summary_repository.go:34.88,48.21 4 1
github.com/RintaroNasu/muscle_diary_app/internal/repository/summary_repository.go:48.21,50.3 1 1
github.com/RintaroNasu/muscle_diary_app/internal/repository/summary_repository.go:51.2,51.26 1 1
github.com/RintaroNasu/muscle_diary_app/internal/repository/summary_repository.go:51.26,53.3 1 1
github.com/RintaroNasu/muscle_diary_app/internal/repository/summary_repository.go:54.2,54.45 1 1
github.com/RintaroNasu/muscle_diary_app/internal/repository/summary_repository.go:57.87,61.39 2 1
github.com/RintaroNasu/muscle_diary_app/internal/repository/summary_repository.go:61.39,63.3 1 1
github.com/RintaroNasu/muscle_diary_app/internal/repository/summary_repository.go:64.2,64.36 1 1
github.com/RintaroNasu/muscle_diary_app/internal/repository/workout_repository.go:34.58,36.2 1 0
github.com/RintaroNasu/muscle_diary_app/internal/repository/workout_repository.go:38.72,39.50 1 0
github.com/RintaroNasu/muscle_diary_app/internal/repository/workout_repository.go:39.50,40.49 1 0
github.com/RintaroNasu/muscle_diary_app/internal/repository/workout_repository.go:40.49,42.4 1 0
github.com/RintaroNasu/muscle_diary_app/internal/repository/workout_repository.go:43.3,43.13 1 0
github.com/RintaroNasu/muscle_diary_app/internal/repository/workout_repository.go:45.2,45.12 1 0
github.com/RintaroNasu/muscle_diary_app/internal/repository/workout_repository.go:48.106,54.16 3 0
github.com/RintaroNasu/muscle_diary_app/internal/repository/workout_repository.go:54.16,56.3 1 0
github.com/RintaroNasu/muscle_diary_app/internal/repository/workout_repository.go:57.2,57.21 1 0
github.com/RintaroNasu/muscle_diary_app/internal/repository/workout_repository.go:60.106,70.16 3 0
github.com/RintaroNasu/muscle_diary_app/internal/repository/workout_repository.go:70.16,72.3 1 0
github.com/RintaroNasu/muscle_diary_app/internal/repository/workout_repository.go:73.2,73.19 1 0
github.com/RintaroNasu/muscle_diary_app/internal/repository/workout_repository.go:76.100,83.16 3 0
github.com/RintaroNasu/muscle_diary_app/internal/repository/workout_repository.go:83.16,84.45 1 0
github.com/RintaroNasu/muscle_diary_app/internal/repository/workout_repository.go:84.45,86.4 1 0
github.com/RintaroNasu/muscle_diary_app/internal/repository/workout_repository.go:87.3,87.18 1 0
github.com/RintaroNasu/muscle_diary_app/internal/repository/workout_repository.go:89.2,89.21 1 0
github.com/RintaroNasu/muscle_diary_app/internal/repository/workout_repository.go:92.72,93.50 1 0
github.com/RintaroNasu/muscle_diary_app/internal/repository/workout_repository.go:93.50,96.51 1 0
github.com/RintaroNasu/muscle_diary_app/internal/repository/workout_repository.go:96.51,98.4 1 0
github.com/RintaroNasu/muscle_diary_app/internal/repository/workout_repository.go:100.3,108.25 1 0
github.com/RintaroNasu/muscle_diary_app/internal/repository/workout_repository.go:108.25,110.4 1 0
github.com/RintaroNasu/muscle_diary_app/internal/repository/workout_repository.go:112.3,112.30 1 0
github.com/RintaroNasu/muscle_diary_app/internal/repository/workout_repository.go:112.30,115.4 2 0
github.com/RintaroNasu/muscle_diary_app/internal/repository/workout_repository.go:116.3,116.27 1 0
github.com/RintaroNasu/muscle_diary_app/internal/repository/workout_repository.go:116.27,117.56 1 0
github.com/RintaroNasu/muscle_diary_app/internal/repository/workout_repository.go:117.56,118.51 1 0
github.com/RintaroNasu/muscle_diary_app/internal/repository/workout_repository.go:118.51,120.6 1 0
github.com/RintaroNasu/muscle_diary_app/internal/repository/workout_repository.go:121.5,121.15 1 0
github.com/RintaroNasu/muscle_diary_app/internal/repository/workout_repository.go:124.3,124.13 1 0
github.com/RintaroNasu/muscle_diary_app/internal/repository/workout_repository.go:128.64,130.2 1 0
github.com/RintaroNasu/muscle_diary_app/internal/repository/workout_repository.go:132.111,148.16 3 0
github.com/RintaroNasu/muscle_diary_app/internal/repository/workout_repository.go:148.16,150.3 1 0
github.com/RintaroNasu/muscle_diary_app/internal/repository/workout_repository.go:151.2,151.18 1 0
github.com/RintaroNasu/muscle_diary_app/internal/service/auth_service.go:24.65,26.2 1 1
github.com/RintaroNasu/muscle_diary_app/internal/service/auth_service.go:28.84,29.53 1 1
github.com/RintaroNasu/muscle_diary_app/internal/service/auth_service.go:29.53,31.3 1 1
github.com/RintaroNasu/muscle_diary_app/internal/service/auth_service.go:31.8,31.52 1 1
github.com/RintaroNasu/muscle_diary_app/internal/service/auth_service.go:31.52,33.3 1 1
github.com/RintaroNasu/muscle_diary_app/internal/service/auth_service.go:35.2,36.16 2 1
github.com/RintaroNasu/muscle_diary_app/internal/service/auth_service.go:36.16,38.3 1 0
github.com/RintaroNasu/muscle_diary_app/internal/service/auth_service.go:40.2,41.41 2 1
github.com/RintaroNasu/muscle_diary_app/internal/service/auth_service.go:41.41,42.52 1 1
github.com/RintaroNasu/muscle_diary_app/internal/service/auth_service.go:42.52,44.4 1 1
github.com/RintaroNasu/muscle_diary_app/internal/service/auth_service.go:45.3,45.60 1 1
github.com/RintaroNasu/muscle_diary_app/internal/service/auth_service.go:48.2,49.16 2 1
github.com/RintaroNasu/muscle_diary_app/internal/service/auth_service.go:49.16,51.3 1 1
github.com/RintaroNasu/muscle_diary_app/internal/service/auth_service.go:52.2,52.22 1 1
github.com/RintaroNasu/muscle_diary_app/internal/service/auth_service.go:55.83,57.16 2 1
github.com/RintaroNasu/muscle_diary_app/internal/service/auth_service.go:57.16,58.45 1 1
github.com/RintaroNasu/muscle_diary_app/internal/service/auth_service.go:58.45,60.4 1 1
github.com/RintaroNasu/muscle_diary_app/internal/service/auth_service.go:61.3,61.58 1 1
github.com/RintaroNasu/muscle_diary_app/internal/service/auth_service.go:64.2,64.92 1 1
github.com/RintaroNasu/muscle_diary_app/internal/service/auth_service.go:64.92,66.3 1 1
github.com/RintaroNasu/muscle_diary_app/internal/service/auth_service.go:68.2,69.16 2 1
github.com/RintaroNasu/muscle_diary_app/internal/service/auth_service.go:69.16,71.3 1 1
github.com/RintaroNasu/muscle_diary_app/internal/service/auth_service.go:72.2,72.22 1 1
github.com/RintaroNasu/muscle_diary_app/internal/service/auth_service.go:75.47,77.18 2 1
github.com/RintaroNasu/muscle_diary_app/internal/service/auth_service.go:77.18,79.3 1 1
github.com/RintaroNasu/muscle_diary_app/internal/service/auth_service.go:80.2,86.39 3 1
github.com/RintaroNasu/muscle_diary_app/internal/service/exercise_service.go:23.77,25.2 1 1
github.com/RintaroNasu/muscle_diary_app/internal/service/exercise_service.go:27.76,29.16 2 1
github.com/RintaroNasu/muscle_diary_app/internal/service/exercise_service.go:29.16,31.3 1 1
github.com/RintaroNasu/muscle_diary_app/internal/service/exercise_service.go:33.2,34.25 2 1
github.com/RintaroNasu/muscle_diary_app/internal/service/exercise_service.go:34.25,39.3 1 1
github.com/RintaroNasu/muscle_diary_app/internal/service/exercise_service.go:41.2,41.23 1 1
github.com/RintaroNasu/muscle_diary_app/internal/service/profile_service.go:20.74,22.2 1 1
github.com/RintaroNasu/muscle_diary_app/internal/service/profile_service.go:24.72,26.16 2 1
github.com/RintaroNasu/muscle_diary_app/internal/service/profile_service.go:26.16,27.45 1 1
github.com/RintaroNasu/muscle_diary_app/internal/service/profile_service.go:27.45,29.4 1 1
github.com/RintaroNasu/muscle_diary_app/internal/service/profile_service.go:30.3,30.18 1 1
github.com/RintaroNasu/muscle_diary_app/internal/service/profile_service.go:32.2,32.18 1 1
github.com/RintaroNasu/muscle_diary_app/internal/service/profile_service.go:35.113,36.73 1 1
github.com/RintaroNasu/muscle_diary_app/internal/service/profile_service.go:36.73,38.3 1 1
github.com/RintaroNasu/muscle_diary_app/internal/service/profile_service.go:41.2,41.29 1 1
github.com/RintaroNasu/muscle_diary_app/internal/service/summary_service.go:25.74,27.2 1 1
github.com/RintaroNasu/muscle_diary_app/internal/service/summary_service.go:29.76,31.16 2 1
github.com/RintaroNasu/muscle_diary_app/internal/service/summary_service.go:31.16,33.3 1 1
github.com/RintaroNasu/muscle_diary_app/internal/service/summary_service.go:35.2,36.16 2 1
github.com/RintaroNasu/muscle_diary_app/internal/service/summary_service.go:36.16,38.3 1 1
github.com/RintaroNasu/muscle_diary_app/internal/service/summary_service.go:40.2,41.16 2 1
github.com/RintaroNasu/muscle_diary_app/internal/service/summary_service.go:41.16,43.3 1 1
github.com/RintaroNasu/muscle_diary_app/internal/service/summary_service.go:45.2,51.8 1 1
github.com/RintaroNasu/muscle_diary_app/internal/service/workout_service.go:40.74,42.2 1 0
github.com/RintaroNasu/muscle_diary_app/internal/service/workout_service.go:44.171,45.20 1 0
github.com/RintaroNasu/muscle_diary_app/internal/service/workout_service.go:45.20,47.3 1 0
github.com/RintaroNasu/muscle_diary_app/internal/service/workout_service.go:49.2,49.26 1 0
github.com/RintaroNasu/muscle_diary_app/internal/service/workout_service.go:49.26,50.61 1 0
github.com/RintaroNasu/muscle_diary_app/internal/service/workout_service.go:50.61,52.4 1 0
github.com/RintaroNasu/muscle_diary_app/internal/service/workout_service.go:55.2,62.31 2 0
github.com/RintaroNasu/muscle_diary_app/internal/service/workout_service.go:62.31,69.3 2 0
github.com/RintaroNasu/muscle_diary_app/internal/service/workout_service.go:71.2,71.46 1 0
github.com/RintaroNasu/muscle_diary_app/internal/service/workout_service.go:71.46,72.48 1 0
github.com/RintaroNasu/muscle_diary_app/internal/service/workout_service.go:72.48,74.4 1 0
github.com/RintaroNasu/muscle_diary_app/internal/service/workout_service.go:75.3,75.66 1 0
github.com/RintaroNasu/muscle_diary_app/internal/service/workout_service.go:78.2,78.20 1 0
github.com/RintaroNasu/muscle_diary_app/internal/service/workout_service.go:81.102,83.16 2 0
github.com/RintaroNasu/muscle_diary_app/internal/service/workout_service.go:83.16,85.3 1 0
github.com/RintaroNasu/muscle_diary_app/internal/service/workout_service.go:86.2,86.21 1 0
github.com/RintaroNasu/muscle_diary_app/internal/service/workout_service.go:89.100,90.29 1 0
github.com/RintaroNasu/muscle_diary_app/internal/service/workout_service.go:90.29,92.3 1 0
github.com/RintaroNasu/muscle_diary_app/internal/service/workout_service.go:94.2,95.16 2 0
github.com/RintaroNasu/muscle_diary_app/internal/service/workout_service.go:95.16,97.3 1 0
github.com/RintaroNasu/muscle_diary_app/internal/service/workout_service.go:98.2,98.18 1 0
github.com/RintaroNasu/muscle_diary_app/internal/service/workout_service.go:101.186,102.20 1 0
github.com/RintaroNasu/muscle_diary_app/internal/service/workout_service.go:102.20,104.3 1 0
github.com/RintaroNasu/muscle_diary_app/internal/service/workout_service.go:106.2,106.26 1 0
github.com/RintaroNasu/muscle_diary_app/internal/service/workout_service.go:106.26,107.61 1 0
github.com/RintaroNasu/muscle_diary_app/internal/service/workout_service.go:107.61,109.4 1 0
github.com/RintaroNasu/muscle_diary_app/internal/service/workout_service.go:112.2,113.16 2 0
github.com/RintaroNasu/muscle_diary_app/internal/service/workout_service.go:113.16,114.45 1 0
github.com/RintaroNasu/muscle_diary_app/internal/service/workout_service.go:114.45,116.4 1 0
github.com/RintaroNasu/muscle_diary_app/internal/service/workout_service.go:117.3,117.64 1 0
github.com/RintaroNasu/muscle_diary_app/internal/service/workout_service.go:120.2,125.31 5 0
github.com/RintaroNasu/muscle_diary_app/internal/service/workout_service.go:125.31,132.3 2 0
github.com/RintaroNasu/muscle_diary_app/internal/service/workout_service.go:134.2,134.54 1 0
github.com/RintaroNasu/muscle_diary_app/internal/service/workout_service.go:134.54,135.48 1 0
github.com/RintaroNasu/muscle_diary_app/internal/service/workout_service.go:135.48,137.4 1 0
github.com/RintaroNasu/muscle_diary_app/internal/service/workout_service.go:138.3,138.66 1 0
github.com/RintaroNasu/muscle_diary_app/internal/service/workout_service.go:141.2,141.28 1 0
github.com/RintaroNasu/muscle_diary_app/internal/service/workout_service.go:144.80,146.16 2 0
github.com/RintaroNasu/muscle_diary_app/internal/service/workout_service.go:146.16,147.45 1 0
github.com/RintaroNasu/muscle_diary_app/internal/service/workout_service.go:147.45,149.4 1 0
github.com/RintaroNasu/muscle_diary_app/internal/service/workout_service.go:150.3,150.59 1 0
github.com/RintaroNasu/muscle_diary_app/internal/service/workout_service.go:153.2,153.56 1 0
github.com/RintaroNasu/muscle_diary_app/internal/service/workout_service.go:153.56,155.3 1 0
github.com/RintaroNasu/muscle_diary_app/internal/service/workout_service.go:157.2,157.12 1 0
github.com/RintaroNasu/muscle_diary_app/internal/service/workout_service.go:160.103,162.16 2 0
github.com/RintaroNasu/muscle_diary_app/internal/service/workout_service.go:162.16,164.3 1 0
github.com/RintaroNasu/muscle_diary_app/internal/service/workout_service.go:165.2,166.25 2 0
github.com/RintaroNasu/muscle_diary_app/internal/service/workout_service.go:166.25,175.3 1 0
github.com/RintaroNasu/muscle_diary_app/internal/service/workout_service.go:176.2,176.17 1 0
